<?xml version="1.0" encoding="UTF-8" ?>
<testsuite tests="11" failures="0" name="BidSdkTest" time="0.257" errors="0" skipped="0">
  <properties>
[...]
</properties>
  <testcase classname="BidSdkTest" name="verifySignByED25519" time="0"/>
  <testcase classname="BidSdkTest" name="getSdkVersionNumber" time="0"/>
  <testcase classname="BidSdkTest" name="getDefaultBIDAndKeyPairByChaincode" time="0.251"/>
  <testcase classname="BidSdkTest" name="isValidED25519Bid" time="0"/>
  <testcase classname="BidSdkTest" name="getBIDVersionNumber" time="0"/>
  <testcase classname="BidSdkTest" name="getED25519BidByPublicKey" time="0"/>
  <testcase classname="BidSdkTest" name="isValidED25519ChaincodeBid" time="0.001"/>
  <testcase classname="BidSdkTest" name="getED25519BidByPublicKeyByChaincode" time="0"/>
  <testcase classname="BidSdkTest" name="getBifPubkeyByPrivateKey" time="0.001"/>
  <testcase classname="BidSdkTest" name="getDefaultBIDAndKeyPair" time="0.002"/>
  <testcase classname="BidSdkTest" name="signMessageByED25519" time="0.002"/>
</testsuite>